Unity Editor version:    2022.3.19f1 (244b723c30a6)
Branch:                  2022.3/staging
Build type:              Release
Batch mode:              YES
macOS version:           Version 14.5 (Build 23F79)
Darwin version:          23.5.0
Architecture:            arm64
Running under Rosetta:   NO
Available memory:        8192 MB
Using pre-set license
Pro License: YES

COMMAND LINE ARGUMENTS:
/Applications/Unity/Hub/Editor/2022.3.19f1/Unity.app/Contents/MacOS/Unity
-adb2
-batchMode
-noUpm
-name
AssetImportWorker1
-projectPath
/Users/xuyiping/Unity_Project/HybridGifts/3DCore_BRP
-logFile
Logs/AssetImportWorker1.log
-srvPort
64169
Successfully changed project path to: /Users/xuyiping/Unity_Project/HybridGifts/3DCore_BRP
/Users/xuyiping/Unity_Project/HybridGifts/3DCore_BRP
[UnityMemory] Configuration Parameters - Can be set up in boot.config
    "memorysetup-bucket-allocator-granularity=16"
    "memorysetup-bucket-allocator-bucket-count=8"
    "memorysetup-bucket-allocator-block-size=33554432"
    "memorysetup-bucket-allocator-block-count=8"
    "memorysetup-main-allocator-block-size=16777216"
    "memorysetup-thread-allocator-block-size=16777216"
    "memorysetup-gfx-main-allocator-block-size=16777216"
    "memorysetup-gfx-thread-allocator-block-size=16777216"
    "memorysetup-cache-allocator-block-size=4194304"
    "memorysetup-typetree-allocator-block-size=2097152"
    "memorysetup-profiler-bucket-allocator-granularity=16"
    "memorysetup-profiler-bucket-allocator-bucket-count=8"
    "memorysetup-profiler-bucket-allocator-block-size=33554432"
    "memorysetup-profiler-bucket-allocator-block-count=8"
    "memorysetup-profiler-allocator-block-size=16777216"
    "memorysetup-profiler-editor-allocator-block-size=1048576"
    "memorysetup-temp-allocator-size-main=16777216"
    "memorysetup-job-temp-allocator-block-size=2097152"
    "memorysetup-job-temp-allocator-block-size-background=1048576"
    "memorysetup-job-temp-allocator-reduction-small-platforms=262144"
    "memorysetup-allocator-temp-initial-block-size-main=262144"
    "memorysetup-allocator-temp-initial-block-size-worker=262144"
    "memorysetup-temp-allocator-size-background-worker=32768"
    "memorysetup-temp-allocator-size-job-worker=262144"
    "memorysetup-temp-allocator-size-preload-manager=33554432"
    "memorysetup-temp-allocator-size-nav-mesh-worker=65536"
    "memorysetup-temp-allocator-size-audio-worker=65536"
    "memorysetup-temp-allocator-size-cloud-worker=32768"
    "memorysetup-temp-allocator-size-gi-baking-worker=262144"
    "memorysetup-temp-allocator-size-gfx=262144"
Player connection [8578468864] Host "[IP] 10.247.203.99 [Port] 0 [Flags] 2 [Guid] 4133197776 [EditorId] 4133197776 [Version] 1048832 [Id] OSXEditor(0,xuyipingdeMacBook-Air.local) [Debug] 1 [PackageName] OSXEditor [ProjectName] Editor" joined multi-casting on [225.0.0.222:54997]...

Player connection [8578468864] Host "[IP] 10.247.203.99 [Port] 0 [Flags] 2 [Guid] 4133197776 [EditorId] 4133197776 [Version] 1048832 [Id] OSXEditor(0,xuyipingdeMacBook-Air.local) [Debug] 1 [PackageName] OSXEditor [ProjectName] Editor" joined alternative multi-casting on [225.0.0.222:34997]...

[Physics::Module] Initialized MultithreadedJobDispatcher with 7 workers.
Refreshing native plugins compatible for Editor in 26.13 ms, found 2 plugins.
Preloading 0 native plugins for Editor in 0.00 ms.
Initialize engine version: 2022.3.19f1 (244b723c30a6)
[Subsystems] Discovering subsystems at path /Applications/Unity/Hub/Editor/2022.3.19f1/Unity.app/Contents/Resources/UnitySubsystems
[Subsystems] Discovering subsystems at path /Users/xuyiping/Unity_Project/HybridGifts/3DCore_BRP/Assets
GfxDevice: creating device client; threaded=0; jobified=0
 preferred device: Apple M1 (high power)
Metal devices available: 1
0: Apple M1 (high power)
Using device Apple M1 (high power)
Initializing Metal device caps: Apple M1
Initialize mono
Mono path[0] = '/Applications/Unity/Hub/Editor/2022.3.19f1/Unity.app/Contents/Managed'
Mono path[1] = '/Applications/Unity/Hub/Editor/2022.3.19f1/Unity.app/Contents/MonoBleedingEdge/lib/mono/unityjit-macos'
Mono config path = '/Applications/Unity/Hub/Editor/2022.3.19f1/Unity.app/Contents/MonoBleedingEdge/etc'
Using monoOptions --debugger-agent=transport=dt_socket,embedding=1,server=y,suspend=n,address=127.0.0.1:56812
Begin MonoManager ReloadAssembly
Registering precompiled unity dll's ...
Register platform support module: /Applications/Unity/Hub/Editor/2022.3.19f1/Unity.app/Contents/PlaybackEngines/MacStandaloneSupport/UnityEditor.OSXStandalone.Extensions.dll
Register platform support module: /Applications/Unity/Hub/Editor/2022.3.19f1/PlaybackEngines/AndroidPlayer/UnityEditor.Android.Extensions.dll
Register platform support module: /Applications/Unity/Hub/Editor/2022.3.19f1/PlaybackEngines/iOSSupport/UnityEditor.iOS.Extensions.dll
Registered in 0.002853 seconds.
- Loaded All Assemblies, in  0.548 seconds
[usbmuxd] Start listen thread
[usbmuxd] Listen thread started
[usbmuxd] Send listen message
Native extension for iOS target not found
[usbmuxd] Attached: 9 00008101-0002515A21A3003A
Native extension for Android target not found
Android Extension - Scanning For ADB Devices 343 ms
Native extension for OSXStandalone target not found
Mono: successfully reloaded assembly
- Finished resetting the current domain, in  0.869 seconds
Domain Reload Profiling: 1417ms
	BeginReloadAssembly (132ms)
		ExecutionOrderSort (0ms)
		DisableScriptedObjects (0ms)
		BackupInstance (0ms)
		ReleaseScriptingObjects (0ms)
		CreateAndSetChildDomain (1ms)
	RebuildCommonClasses (63ms)
	RebuildNativeTypeToScriptingClass (21ms)
	initialDomainReloadingComplete (77ms)
	LoadAllAssembliesAndSetupDomain (254ms)
		LoadAssemblies (132ms)
		RebuildTransferFunctionScriptingTraits (0ms)
		AnalyzeDomain (251ms)
			TypeCache.Refresh (249ms)
				TypeCache.ScanAssembly (228ms)
			ScanForSourceGeneratedMonoScriptInfo (0ms)
			ResolveRequiredComponents (1ms)
	FinalizeReload (869ms)
		ReleaseScriptCaches (0ms)
		RebuildScriptCaches (0ms)
		SetupLoadedEditorAssemblies (779ms)
			LogAssemblyErrors (0ms)
			InitializePlatformSupportModulesInManaged (624ms)
			SetLoadedEditorAssemblies (5ms)
			RefreshPlugins (0ms)
			BeforeProcessingInitializeOnLoad (2ms)
			ProcessInitializeOnLoadAttributes (110ms)
			ProcessInitializeOnLoadMethodAttributes (40ms)
			AfterProcessingInitializeOnLoad (0ms)
			EditorAssembliesLoaded (0ms)
		ExecutionOrderSort2 (0ms)
		AwakeInstancesAfterBackupRestoration (0ms)
========================================================================
Worker process is ready to serve import requests
Begin MonoManager ReloadAssembly
Symbol file LoadedFromMemory is not a mono symbol file
- Loaded All Assemblies, in  0.970 seconds
Refreshing native plugins compatible for Editor in 2.27 ms, found 2 plugins.
Native extension for iOS target not found
Native extension for Android target not found
Native extension for OSXStandalone target not found
Package Manager log level set to [2]
[Package Manager] Server::EnsureServerProcessIsRunning -- launch failed, reason: Unity was launched with the -noUpm command-line argument
[Package Manager] UpmClient::Send -- Unable to send message (not connected to UPM process).
[Package Manager] Cannot connect to Unity Package Manager local server
Mono: successfully reloaded assembly
- Finished resetting the current domain, in  1.045 seconds
Domain Reload Profiling: 2018ms
	BeginReloadAssembly (124ms)
		ExecutionOrderSort (0ms)
		DisableScriptedObjects (5ms)
		BackupInstance (0ms)
		ReleaseScriptingObjects (0ms)
		CreateAndSetChildDomain (31ms)
	RebuildCommonClasses (43ms)
	RebuildNativeTypeToScriptingClass (13ms)
	initialDomainReloadingComplete (43ms)
	LoadAllAssembliesAndSetupDomain (749ms)
		LoadAssemblies (426ms)
		RebuildTransferFunctionScriptingTraits (0ms)
		AnalyzeDomain (367ms)
			TypeCache.Refresh (337ms)
				TypeCache.ScanAssembly (290ms)
			ScanForSourceGeneratedMonoScriptInfo (20ms)
			ResolveRequiredComponents (8ms)
	FinalizeReload (1045ms)
		ReleaseScriptCaches (0ms)
		RebuildScriptCaches (0ms)
		SetupLoadedEditorAssemblies (795ms)
			LogAssemblyErrors (0ms)
			InitializePlatformSupportModulesInManaged (41ms)
			SetLoadedEditorAssemblies (8ms)
			RefreshPlugins (0ms)
			BeforeProcessingInitializeOnLoad (93ms)
			ProcessInitializeOnLoadAttributes (622ms)
			ProcessInitializeOnLoadMethodAttributes (30ms)
			AfterProcessingInitializeOnLoad (1ms)
			EditorAssembliesLoaded (0ms)
		ExecutionOrderSort2 (0ms)
		AwakeInstancesAfterBackupRestoration (5ms)
Launching external process: /Applications/Unity/Hub/Editor/2022.3.19f1/Unity.app/Contents/Tools/UnityShaderCompiler
Launched and connected shader compiler UnityShaderCompiler after 0.08 seconds
Refreshing native plugins compatible for Editor in 2.45 ms, found 2 plugins.
Preloading 0 native plugins for Editor in 0.00 ms.
Unloading 3885 Unused Serialized files (Serialized files now loaded: 0)
Unloading 48 unused Assets / (55.6 KB). Loaded Objects now: 4341.
Memory consumption went from 156.2 MB to 156.1 MB.
Total: 14.793583 ms (FindLiveObjects: 0.652375 ms CreateObjectMapping: 0.169375 ms MarkObjects: 12.990625 ms  DeleteObjects: 0.980542 ms)

AssetImportParameters requested are different than current active one (requested -> active):
  custom:container-demuxer-ogg: 62fdf1f143b41e24485cea50d1cbac27 -> 
  custom:video-decoder-ogg-theora: a1e56fd34408186e4bbccfd4996cb3dc -> 
  custom:CustomObjectIndexerAttribute: 6d391050e5a25f67b0a2c618074f2cd9 -> 
  custom:container-demuxer-webm: 4f35f7cbe854078d1ac9338744f61a02 -> 
  custom:container-muxer-webm: aa71ff27fc2769a1b78a27578f13a17b -> 
  custom:video-decoder-webm-vp8: 9c59270c3fd7afecdb556c50c9e8de78 -> 
  custom:SearchIndexIgnoredProperties: e643bd26f0fe6173181afceb89e7c659 -> 
  custom:AudioImporter_EditorPlatform: 3918e3fc78b5a79bad01e8451be0beb8 -> 
  custom:framework-osx-AVFoundation: e770b220cccbd017edd2c1fefb359320 -> 
  custom:video-encoder-webm-vp8: eb34c28f22e8b96e1ab97ce403110664 -> 
  custom:audio-decoder-ogg-vorbis: bf7c407c2cedff20999df2af8eb42d56 -> 
  custom:audio-encoder-webm-vorbis: bf7c407c2cedff20999df2af8eb42d56 -> 
========================================================================
Received Import Request.
  Time since last request: 142271.065108 seconds.
  path: Assets/Ready Player Me/Avatars/66ac10cbcefab44aa903bcad/2fac66e374c947c41bc74325c6e3d934/66ac10cbcefab44aa903bcad.glb
  artifactKey: Guid(4203e88584e5f4963adb0971ae68345e) Importer(815301076,1909f56bfc062723c751e8b465ee728b)
Start importing Assets/Ready Player Me/Avatars/66ac10cbcefab44aa903bcad/2fac66e374c947c41bc74325c6e3d934/66ac10cbcefab44aa903bcad.glb using Guid(4203e88584e5f4963adb0971ae68345e) Importer(815301076,1909f56bfc062723c751e8b465ee728b)  -> (artifact id: '6958cb54da02af8dd5896f706528ed7f') in 1.736864 seconds
Number of updated asset objects reloaded before import = 0
Number of asset objects unloaded after import = 205
========================================================================
Received Import Request.
  Time since last request: 7537.061379 seconds.
  path: Assets/Ready Player Me/Avatars/66ac10cbcefab44aa903bcad/2fac66e374c947c41bc74325c6e3d934/baseColor.jpg
  artifactKey: Guid(741c277418078483d8e6ae867104fe5d) Importer(815301076,1909f56bfc062723c751e8b465ee728b)
Start importing Assets/Ready Player Me/Avatars/66ac10cbcefab44aa903bcad/2fac66e374c947c41bc74325c6e3d934/baseColor.jpg using Guid(741c277418078483d8e6ae867104fe5d) Importer(815301076,1909f56bfc062723c751e8b465ee728b)  -> (artifact id: '1cf066605fb05e97ab56e50f0a5aceca') in 0.542573 seconds
Number of updated asset objects reloaded before import = 0
Number of asset objects unloaded after import = 2
========================================================================
Received Import Request.
  Time since last request: 0.000740 seconds.
  path: Assets/Ready Player Me/Avatars/66ac10cbcefab44aa903bcad/2fac66e374c947c41bc74325c6e3d934/outfit-casual-06-v2-f-bottom-D.jpg
  artifactKey: Guid(cd0cc479edfba4393bc3e67d86185cff) Importer(815301076,1909f56bfc062723c751e8b465ee728b)
Start importing Assets/Ready Player Me/Avatars/66ac10cbcefab44aa903bcad/2fac66e374c947c41bc74325c6e3d934/outfit-casual-06-v2-f-bottom-D.jpg using Guid(cd0cc479edfba4393bc3e67d86185cff) Importer(815301076,1909f56bfc062723c751e8b465ee728b)  -> (artifact id: '25d74b1154b65971259fd8528aca80e6') in 0.022398 seconds
Number of updated asset objects reloaded before import = 0
Number of asset objects unloaded after import = 2
========================================================================
Received Import Request.
  Time since last request: 0.002500 seconds.
  path: Assets/Ready Player Me/Avatars/66ac10cbcefab44aa903bcad/2fac66e374c947c41bc74325c6e3d934/glasses_id_20_D.png
  artifactKey: Guid(48511bad4dd8448978b8e9420d79a321) Importer(815301076,1909f56bfc062723c751e8b465ee728b)
Start importing Assets/Ready Player Me/Avatars/66ac10cbcefab44aa903bcad/2fac66e374c947c41bc74325c6e3d934/glasses_id_20_D.png using Guid(48511bad4dd8448978b8e9420d79a321) Importer(815301076,1909f56bfc062723c751e8b465ee728b)  -> (artifact id: '652b61645a1952410b055891d859ecb5') in 0.017305 seconds
Number of updated asset objects reloaded before import = 0
Number of asset objects unloaded after import = 2
========================================================================
Received Import Request.
  Time since last request: 0.000203 seconds.
  path: Assets/Ready Player Me/Avatars/66ac10cbcefab44aa903bcad/2fac66e374c947c41bc74325c6e3d934/outfit-casual-06-v2-f-top-D.jpg
  artifactKey: Guid(a4fc86128af0d4421a6d0a3ea258f4cd) Importer(815301076,1909f56bfc062723c751e8b465ee728b)
Start importing Assets/Ready Player Me/Avatars/66ac10cbcefab44aa903bcad/2fac66e374c947c41bc74325c6e3d934/outfit-casual-06-v2-f-top-D.jpg using Guid(a4fc86128af0d4421a6d0a3ea258f4cd) Importer(815301076,1909f56bfc062723c751e8b465ee728b)  -> (artifact id: '12bd903dc6e49dc11d0e571a4e155297') in 0.012414 seconds
Number of updated asset objects reloaded before import = 0
Number of asset objects unloaded after import = 2
========================================================================
Received Import Request.
  Time since last request: 0.000480 seconds.
  path: Assets/Ready Player Me/Avatars/66ac10cbcefab44aa903bcad/2fac66e374c947c41bc74325c6e3d934/outfit-casual-06-v2-f-top-N.jpg
  artifactKey: Guid(05524fdc4acec4d749b5f9a6d141e65f) Importer(815301076,1909f56bfc062723c751e8b465ee728b)
Start importing Assets/Ready Player Me/Avatars/66ac10cbcefab44aa903bcad/2fac66e374c947c41bc74325c6e3d934/outfit-casual-06-v2-f-top-N.jpg using Guid(05524fdc4acec4d749b5f9a6d141e65f) Importer(815301076,1909f56bfc062723c751e8b465ee728b)  -> (artifact id: 'bde1fb776cf94a207e334ef35235001c') in 0.018401 seconds
Number of updated asset objects reloaded before import = 0
Number of asset objects unloaded after import = 2
========================================================================
Received Import Request.
  Time since last request: 0.000093 seconds.
  path: Assets/Ready Player Me/Avatars/66ac10cbcefab44aa903bcad/2fac66e374c947c41bc74325c6e3d934/baseColor.001.jpg
  artifactKey: Guid(b5c9cdbb506bb487fb23308d74a007dd) Importer(815301076,1909f56bfc062723c751e8b465ee728b)
Start importing Assets/Ready Player Me/Avatars/66ac10cbcefab44aa903bcad/2fac66e374c947c41bc74325c6e3d934/baseColor.001.jpg using Guid(b5c9cdbb506bb487fb23308d74a007dd) Importer(815301076,1909f56bfc062723c751e8b465ee728b)  -> (artifact id: 'b22487f676815e86f7f148a41c8b855a') in 0.011579 seconds
Number of updated asset objects reloaded before import = 0
Number of asset objects unloaded after import = 2
========================================================================
Received Import Request.
  Time since last request: 0.000170 seconds.
  path: Assets/Ready Player Me/Avatars/66ac10cbcefab44aa903bcad/2fac66e374c947c41bc74325c6e3d934/har-84-N.jpg
  artifactKey: Guid(c9d2d905a5e244a6098fd17bc6f07352) Importer(815301076,1909f56bfc062723c751e8b465ee728b)
Start importing Assets/Ready Player Me/Avatars/66ac10cbcefab44aa903bcad/2fac66e374c947c41bc74325c6e3d934/har-84-N.jpg using Guid(c9d2d905a5e244a6098fd17bc6f07352) Importer(815301076,1909f56bfc062723c751e8b465ee728b)  -> (artifact id: '87240b0ba6f717aa6cf604b8181d471b') in 0.013984 seconds
Number of updated asset objects reloaded before import = 0
Number of asset objects unloaded after import = 2
========================================================================
Received Import Request.
  Time since last request: 0.000072 seconds.
  path: Assets/Ready Player Me/Avatars/66ac10cbcefab44aa903bcad/2fac66e374c947c41bc74325c6e3d934/body-athletic-f-N.jpg
  artifactKey: Guid(960b96fd2007f4fb28d6df794649175e) Importer(815301076,1909f56bfc062723c751e8b465ee728b)
Start importing Assets/Ready Player Me/Avatars/66ac10cbcefab44aa903bcad/2fac66e374c947c41bc74325c6e3d934/body-athletic-f-N.jpg using Guid(960b96fd2007f4fb28d6df794649175e) Importer(815301076,1909f56bfc062723c751e8b465ee728b)  -> (artifact id: 'c1a76cbb4f03122d174e73159aa1ae4c') in 0.009887 seconds
Number of updated asset objects reloaded before import = 0
Number of asset objects unloaded after import = 2
========================================================================
Received Import Request.
  Time since last request: 0.000346 seconds.
  path: Assets/Ready Player Me/Avatars/66ac10cbcefab44aa903bcad/2fac66e374c947c41bc74325c6e3d934/Wolf3D_Teeth.jpg
  artifactKey: Guid(c33aac1ee9ca14028a04466fa0c04ef5) Importer(815301076,1909f56bfc062723c751e8b465ee728b)
Start importing Assets/Ready Player Me/Avatars/66ac10cbcefab44aa903bcad/2fac66e374c947c41bc74325c6e3d934/Wolf3D_Teeth.jpg using Guid(c33aac1ee9ca14028a04466fa0c04ef5) Importer(815301076,1909f56bfc062723c751e8b465ee728b)  -> (artifact id: '1b262465571ccc95101b2afad256a98e') in 0.009333 seconds
Number of updated asset objects reloaded before import = 0
Number of asset objects unloaded after import = 2
========================================================================
Received Import Request.
  Time since last request: 0.000187 seconds.
  path: Assets/Ready Player Me/Avatars/66ac10cbcefab44aa903bcad/2fac66e374c947c41bc74325c6e3d934/outfit-casual-06-v2-f-footwear-N.jpg
  artifactKey: Guid(a190c8fdabde84171931636761e35ace) Importer(815301076,1909f56bfc062723c751e8b465ee728b)
Start importing Assets/Ready Player Me/Avatars/66ac10cbcefab44aa903bcad/2fac66e374c947c41bc74325c6e3d934/outfit-casual-06-v2-f-footwear-N.jpg using Guid(a190c8fdabde84171931636761e35ace) Importer(815301076,1909f56bfc062723c751e8b465ee728b)  -> (artifact id: '528e37d376ebcd8a4b7ab41e6c6b42f8') in 0.009824 seconds
Number of updated asset objects reloaded before import = 0
Number of asset objects unloaded after import = 2
========================================================================
Received Import Request.
  Time since last request: 0.000193 seconds.
  path: Assets/Ready Player Me/Avatars/66ac10cbcefab44aa903bcad/2fac66e374c947c41bc74325c6e3d934/baseColor.003.jpg
  artifactKey: Guid(91c292d73f3be45ffb2d8190d4b4acee) Importer(815301076,1909f56bfc062723c751e8b465ee728b)
Start importing Assets/Ready Player Me/Avatars/66ac10cbcefab44aa903bcad/2fac66e374c947c41bc74325c6e3d934/baseColor.003.jpg using Guid(91c292d73f3be45ffb2d8190d4b4acee) Importer(815301076,1909f56bfc062723c751e8b465ee728b)  -> (artifact id: 'b6ede371120dacf01206482ee461377d') in 0.007436 seconds
Number of updated asset objects reloaded before import = 0
Number of asset objects unloaded after import = 2
========================================================================
Received Import Request.
  Time since last request: 0.000185 seconds.
  path: Assets/Ready Player Me/Avatars/66ac10cbcefab44aa903bcad/2fac66e374c947c41bc74325c6e3d934/outfit-casual-06-v2-f-footwear-D.jpg
  artifactKey: Guid(5f68c979d046c45d3b5b4af73879127a) Importer(815301076,1909f56bfc062723c751e8b465ee728b)
Start importing Assets/Ready Player Me/Avatars/66ac10cbcefab44aa903bcad/2fac66e374c947c41bc74325c6e3d934/outfit-casual-06-v2-f-footwear-D.jpg using Guid(5f68c979d046c45d3b5b4af73879127a) Importer(815301076,1909f56bfc062723c751e8b465ee728b)  -> (artifact id: '053a8050ac1834873dbd1160e2616fdc') in 0.009032 seconds
Number of updated asset objects reloaded before import = 0
Number of asset objects unloaded after import = 2
========================================================================
Received Import Request.
  Time since last request: 0.000261 seconds.
  path: Assets/Ready Player Me/Avatars/66ac10cbcefab44aa903bcad/2fac66e374c947c41bc74325c6e3d934/baseColor.002.jpg
  artifactKey: Guid(2c480b06e376445b1bd33fb06c1dfa26) Importer(815301076,1909f56bfc062723c751e8b465ee728b)
Start importing Assets/Ready Player Me/Avatars/66ac10cbcefab44aa903bcad/2fac66e374c947c41bc74325c6e3d934/baseColor.002.jpg using Guid(2c480b06e376445b1bd33fb06c1dfa26) Importer(815301076,1909f56bfc062723c751e8b465ee728b)  -> (artifact id: '01f59fdb45e275e6fca5df0f8bc6da30') in 0.016751 seconds
Number of updated asset objects reloaded before import = 0
Number of asset objects unloaded after import = 2
========================================================================
Received Import Request.
  Time since last request: 0.000198 seconds.
  path: Assets/Ready Player Me/Avatars/66ac10cbcefab44aa903bcad/2fac66e374c947c41bc74325c6e3d934/outfit-casual-06-v2-f-bottom-N.jpg
  artifactKey: Guid(0d7217cd2c43744f18a06d2e2d305052) Importer(815301076,1909f56bfc062723c751e8b465ee728b)
Start importing Assets/Ready Player Me/Avatars/66ac10cbcefab44aa903bcad/2fac66e374c947c41bc74325c6e3d934/outfit-casual-06-v2-f-bottom-N.jpg using Guid(0d7217cd2c43744f18a06d2e2d305052) Importer(815301076,1909f56bfc062723c751e8b465ee728b)  -> (artifact id: '0e03f531a24f8d9d48b45eb901be9846') in 0.013379 seconds
Number of updated asset objects reloaded before import = 0
Number of asset objects unloaded after import = 2
========================================================================
Received Import Request.
  Time since last request: 41.772303 seconds.
  path: Assets/Ready Player Me/Avatars/66ac10cbcefab44aa903bcad/2fac66e374c947c41bc74325c6e3d934/body-athletic-f-N.jpg
  artifactKey: Guid(960b96fd2007f4fb28d6df794649175e) Importer(815301076,1909f56bfc062723c751e8b465ee728b)
Start importing Assets/Ready Player Me/Avatars/66ac10cbcefab44aa903bcad/2fac66e374c947c41bc74325c6e3d934/body-athletic-f-N.jpg using Guid(960b96fd2007f4fb28d6df794649175e) Importer(815301076,1909f56bfc062723c751e8b465ee728b)  -> (artifact id: '2b2e4209915ea9c0b32d18b69a685913') in 0.285898 seconds
Number of updated asset objects reloaded before import = 0
Number of asset objects unloaded after import = 2
========================================================================
Received Import Request.
  Time since last request: 0.000062 seconds.
  path: Assets/Ready Player Me/Avatars/66ac10cbcefab44aa903bcad/2fac66e374c947c41bc74325c6e3d934/har-84-N.jpg
  artifactKey: Guid(c9d2d905a5e244a6098fd17bc6f07352) Importer(815301076,1909f56bfc062723c751e8b465ee728b)
Start importing Assets/Ready Player Me/Avatars/66ac10cbcefab44aa903bcad/2fac66e374c947c41bc74325c6e3d934/har-84-N.jpg using Guid(c9d2d905a5e244a6098fd17bc6f07352) Importer(815301076,1909f56bfc062723c751e8b465ee728b)  -> (artifact id: 'a03a1fe8fafb35bc6b4af1f788e3bbbc') in 0.006772 seconds
Number of updated asset objects reloaded before import = 0
Number of asset objects unloaded after import = 2
========================================================================
Received Import Request.
  Time since last request: 0.000137 seconds.
  path: Assets/Ready Player Me/Avatars/66ac10cbcefab44aa903bcad/2fac66e374c947c41bc74325c6e3d934/outfit-casual-06-v2-f-footwear-N.jpg
  artifactKey: Guid(a190c8fdabde84171931636761e35ace) Importer(815301076,1909f56bfc062723c751e8b465ee728b)
Start importing Assets/Ready Player Me/Avatars/66ac10cbcefab44aa903bcad/2fac66e374c947c41bc74325c6e3d934/outfit-casual-06-v2-f-footwear-N.jpg using Guid(a190c8fdabde84171931636761e35ace) Importer(815301076,1909f56bfc062723c751e8b465ee728b)  -> (artifact id: '62c4e34d643447ea1a03557ac4989287') in 0.005915 seconds
Number of updated asset objects reloaded before import = 0
Number of asset objects unloaded after import = 2
========================================================================
Received Import Request.
  Time since last request: 0.000050 seconds.
  path: Assets/Ready Player Me/Avatars/66ac10cbcefab44aa903bcad/2fac66e374c947c41bc74325c6e3d934/outfit-casual-06-v2-f-bottom-N.jpg
  artifactKey: Guid(0d7217cd2c43744f18a06d2e2d305052) Importer(815301076,1909f56bfc062723c751e8b465ee728b)
Start importing Assets/Ready Player Me/Avatars/66ac10cbcefab44aa903bcad/2fac66e374c947c41bc74325c6e3d934/outfit-casual-06-v2-f-bottom-N.jpg using Guid(0d7217cd2c43744f18a06d2e2d305052) Importer(815301076,1909f56bfc062723c751e8b465ee728b)  -> (artifact id: '2163912ef30073b07f9ac28e60f26fad') in 0.006271 seconds
Number of updated asset objects reloaded before import = 0
Number of asset objects unloaded after import = 2
